<?xml version="1.0"?>
<Table>
  <Row>
    <T>14:50:10</T>
    <P>OFF</P>
  </Row>
  <Row>
    <T>14:51:13</T>
    <P>2.14E+02</P>
  </Row>
  <Row>
    <T>14:51:14</T>
    <P>2.07E+02</P>
  </Row>
  <Row>
    <T>14:51:15</T>
    <P>1.93E+02</P>
  </Row>
  <Row>
    <T>14:51:16</T>
    <P>1.87E+02</P>
  </Row>
  <Row>
    <T>14:51:17</T>
    <P>2.00E+02</P>
  </Row>
  <Row>
    <T>14:51:18</T>
    <P>1.93E+02</P>
  </Row>
  <Row>
    <T>14:51:19</T>
    <P>2.14E+02</P>
  </Row>
  <Row>
    <T>14:51:20</T>
    <P>1.93E+02</P>
  </Row>
  <Row>
    <T>14:51:21</T>
    <P>2.07E+02</P>
  </Row>
  <Row>
    <T>14:51:22</T>
    <P>1.93E+02</P>
  </Row>
  <Row>
    <T>14:51:23</T>
    <P>2.07E+02</P>
  </Row>
  <Row>
    <T>14:51:24</T>
    <P>1.87E+02</P>
  </Row>
  <Row>
    <T>14:51:25</T>
    <P>1.81E+02</P>
  </Row>
  <Row>
    <T>14:51:26</T>
    <P>2.00E+02</P>
  </Row>
  <Row>
    <T>14:51:27</T>
    <P>1.81E+02</P>
  </Row>
  <Row>
    <T>14:51:28</T>
    <P>1.87E+02</P>
  </Row>
  <Row>
    <T>14:51:29</T>
    <P>1.93E+02</P>
  </Row>
  <Row>
    <T>14:51:30</T>
    <P>1.87E+02</P>
  </Row>
  <Row>
    <T>14:51:32</T>
    <P>1.81E+02</P>
  </Row>
  <Row>
    <T>14:51:33</T>
    <P>1.87E+02</P>
  </Row>
  <Row>
    <T>14:51:34</T>
    <P>1.81E+02</P>
  </Row>
  <Row>
    <T>14:51:35</T>
    <P>1.87E+02</P>
  </Row>
  <Row>
    <T>14:51:36</T>
    <P>1.81E+02</P>
  </Row>
  <Row>
    <T>14:51:37</T>
    <P>1.93E+02</P>
  </Row>
  <Row>
    <T>14:51:38</T>
    <P>1.87E+02</P>
  </Row>
  <Row>
    <T>14:51:39</T>
    <P>1.81E+02</P>
  </Row>
  <Row>
    <T>14:51:40</T>
    <P>1.93E+02</P>
  </Row>
  <Row>
    <T>14:51:41</T>
    <P>1.81E+02</P>
  </Row>
  <Row>
    <T>14:51:42</T>
    <P>1.93E+02</P>
  </Row>
  <Row>
    <T>14:51:43</T>
    <P>1.81E+02</P>
  </Row>
  <Row>
    <T>14:51:44</T>
    <P>1.87E+02</P>
  </Row>
  <Row>
    <T>14:51:45</T>
    <P>1.93E+02</P>
  </Row>
  <Row>
    <T>14:51:46</T>
    <P>1.87E+02</P>
  </Row>
  <Row>
    <T>14:51:47</T>
    <P>1.81E+02</P>
  </Row>
  <Row>
    <T>14:51:48</T>
    <P>1.75E+02</P>
  </Row>
  <Row>
    <T>14:51:49</T>
    <P>1.81E+02</P>
  </Row>
  <Row>
    <T>14:51:51</T>
    <P>1.75E+02</P>
  </Row>
  <Row>
    <T>14:51:52</T>
    <P>1.81E+02</P>
  </Row>
  <Row>
    <T>14:51:53</T>
    <P>1.75E+02</P>
  </Row>
  <Row>
    <T>14:51:54</T>
    <P>1.87E+02</P>
  </Row>
  <Row>
    <T>14:51:55</T>
    <P>1.69E+02</P>
  </Row>
  <Row>
    <T>14:51:56</T>
    <P>1.75E+02</P>
  </Row>
  <Row>
    <T>14:51:57</T>
    <P>1.81E+02</P>
  </Row>
  <Row>
    <T>14:51:58</T>
    <P>1.75E+02</P>
  </Row>
  <Row>
    <T>14:51:59</T>
    <P>1.69E+02</P>
  </Row>
  <Row>
    <T>14:52:00</T>
    <P>1.63E+02</P>
  </Row>
  <Row>
    <T>14:52:01</T>
    <P>1.75E+02</P>
  </Row>
  <Row>
    <T>14:52:02</T>
    <P>1.81E+02</P>
  </Row>
  <Row>
    <T>14:52:03</T>
    <P>1.63E+02</P>
  </Row>
  <Row>
    <T>14:52:04</T>
    <P>1.69E+02</P>
  </Row>
  <Row>
    <T>14:52:06</T>
    <P>1.75E+02</P>
  </Row>
  <Row>
    <T>14:52:07</T>
    <P>1.81E+02</P>
  </Row>
  <Row>
    <T>14:52:08</T>
    <P>1.69E+02</P>
  </Row>
  <Row>
    <T>14:52:11</T>
    <P>1.63E+02</P>
  </Row>
  <Row>
    <T>14:52:14</T>
    <P>1.75E+02</P>
  </Row>
  <Row>
    <T>14:52:15</T>
    <P>1.63E+02</P>
  </Row>
  <Row>
    <T>14:52:16</T>
    <P>1.69E+02</P>
  </Row>
  <Row>
    <T>14:52:17</T>
    <P>1.75E+02</P>
  </Row>
  <Row>
    <T>14:52:18</T>
    <P>1.69E+02</P>
  </Row>
  <Row>
    <T>14:52:19</T>
    <P>1.63E+02</P>
  </Row>
  <Row>
    <T>14:52:22</T>
    <P>1.58E+02</P>
  </Row>
  <Row>
    <T>14:52:23</T>
    <P>1.63E+02</P>
  </Row>
  <Row>
    <T>14:52:24</T>
    <P>1.69E+02</P>
  </Row>
  <Row>
    <T>14:52:25</T>
    <P>1.63E+02</P>
  </Row>
  <Row>
    <T>14:52:26</T>
    <P>1.75E+02</P>
  </Row>
  <Row>
    <T>14:52:27</T>
    <P>1.69E+02</P>
  </Row>
  <Row>
    <T>14:52:28</T>
    <P>1.63E+02</P>
  </Row>
  <Row>
    <T>14:52:29</T>
    <P>1.69E+02</P>
  </Row>
  <Row>
    <T>14:52:30</T>
    <P>1.81E+02</P>
  </Row>
  <Row>
    <T>14:52:33</T>
    <P>1.75E+02</P>
  </Row>
  <Row>
    <T>14:52:34</T>
    <P>1.63E+02</P>
  </Row>
  <Row>
    <T>14:52:35</T>
    <P>1.69E+02</P>
  </Row>
  <Row>
    <T>14:52:36</T>
    <P>1.81E+02</P>
  </Row>
  <Row>
    <T>14:52:37</T>
    <P>1.63E+02</P>
  </Row>
  <Row>
    <T>14:52:39</T>
    <P>1.69E+02</P>
  </Row>
  <Row>
    <T>14:52:40</T>
    <P>1.63E+02</P>
  </Row>
  <Row>
    <T>14:52:41</T>
    <P>1.69E+02</P>
  </Row>
  <Row>
    <T>14:52:42</T>
    <P>1.58E+02</P>
  </Row>
  <Row>
    <T>14:52:43</T>
    <P>1.63E+02</P>
  </Row>
  <Row>
    <T>14:52:44</T>
    <P>1.75E+02</P>
  </Row>
  <Row>
    <T>14:52:46</T>
    <P>1.69E+02</P>
  </Row>
  <Row>
    <T>14:52:47</T>
    <P>1.63E+02</P>
  </Row>
  <Row>
    <T>14:52:48</T>
    <P>1.69E+02</P>
  </Row>
  <Row>
    <T>14:52:49</T>
    <P>1.63E+02</P>
  </Row>
  <Row>
    <T>14:52:51</T>
    <P>1.69E+02</P>
  </Row>
  <Row>
    <T>14:52:52</T>
    <P>1.58E+02</P>
  </Row>
  <Row>
    <T>14:52:53</T>
    <P>1.63E+02</P>
  </Row>
  <Row>
    <T>14:52:54</T>
    <P>1.69E+02</P>
  </Row>
  <Row>
    <T>14:52:55</T>
    <P>1.75E+02</P>
  </Row>
  <Row>
    <T>14:52:56</T>
    <P>1.63E+02</P>
  </Row>
  <Row>
    <T>14:52:57</T>
    <P>1.58E+02</P>
  </Row>
  <Row>
    <T>14:52:58</T>
    <P>1.69E+02</P>
  </Row>
  <Row>
    <T>14:52:59</T>
    <P>1.58E+02</P>
  </Row>
  <Row>
    <T>14:53:00</T>
    <P>1.75E+02</P>
  </Row>
  <Row>
    <T>14:53:01</T>
    <P>1.63E+02</P>
  </Row>
  <Row>
    <T>14:53:02</T>
    <P>1.75E+02</P>
  </Row>
  <Row>
    <T>14:53:03</T>
    <P>1.58E+02</P>
  </Row>
  <Row>
    <T>14:53:04</T>
    <P>1.69E+02</P>
  </Row>
  <Row>
    <T>14:53:06</T>
    <P>1.75E+02</P>
  </Row>
  <Row>
    <T>14:53:07</T>
    <P>1.63E+02</P>
  </Row>
  <Row>
    <T>14:53:08</T>
    <P>1.53E+02</P>
  </Row>
  <Row>
    <T>14:53:10</T>
    <P>1.63E+02</P>
  </Row>
  <Row>
    <T>14:53:12</T>
    <P>1.58E+02</P>
  </Row>
  <Row>
    <T>14:53:13</T>
    <P>1.63E+02</P>
  </Row>
  <Row>
    <T>14:53:14</T>
    <P>1.53E+02</P>
  </Row>
  <Row>
    <T>14:53:15</T>
    <P>2.00E+02</P>
  </Row>
  <Row>
    <T>14:53:16</T>
    <P>1.63E+02</P>
  </Row>
  <Row>
    <T>14:53:17</T>
    <P>1.58E+02</P>
  </Row>
  <Row>
    <T>14:53:18</T>
    <P>1.53E+02</P>
  </Row>
  <Row>
    <T>14:53:19</T>
    <P>1.48E+02</P>
  </Row>
  <Row>
    <T>14:53:20</T>
    <P>1.39E+02</P>
  </Row>
  <Row>
    <T>14:53:22</T>
    <P>1.22E+02</P>
  </Row>
  <Row>
    <T>14:53:23</T>
    <P>1.11E+02</P>
  </Row>
  <Row>
    <T>14:53:24</T>
    <P>1.04E+02</P>
  </Row>
  <Row>
    <T>14:53:25</T>
    <P>9.79E+01</P>
  </Row>
  <Row>
    <T>14:53:26</T>
    <P>8.66E+01</P>
  </Row>
  <Row>
    <T>14:53:27</T>
    <P>6.81E+01</P>
  </Row>
  <Row>
    <T>14:53:28</T>
    <P>5.89E+01</P>
  </Row>
  <Row>
    <T>14:53:29</T>
    <P>4.97E+01</P>
  </Row>
  <Row>
    <T>14:53:30</T>
    <P>4.33E+01</P>
  </Row>
  <Row>
    <T>14:53:31</T>
    <P>3.22E+01</P>
  </Row>
  <Row>
    <T>14:53:32</T>
    <P>2.63E+01</P>
  </Row>
  <Row>
    <T>14:53:33</T>
    <P>2.10E+01</P>
  </Row>
  <Row>
    <T>14:53:34</T>
    <P>1.55E+01</P>
  </Row>
  <Row>
    <T>14:53:35</T>
    <P>1.19E+01</P>
  </Row>
  <Row>
    <T>14:53:36</T>
    <P>9.27E+00</P>
  </Row>
  <Row>
    <T>14:53:37</T>
    <P>7.18E+00</P>
  </Row>
  <Row>
    <T>14:53:38</T>
    <P>5.55E+00</P>
  </Row>
  <Row>
    <T>14:53:39</T>
    <P>4.22E+00</P>
  </Row>
  <Row>
    <T>14:53:40</T>
    <P>3.48E+00</P>
  </Row>
  <Row>
    <T>14:53:41</T>
    <P>2.71E+00</P>
  </Row>
  <Row>
    <T>14:53:42</T>
    <P>2.20E+00</P>
  </Row>
  <Row>
    <T>14:53:43</T>
    <P>1.94E+00</P>
  </Row>
  <Row>
    <T>14:53:44</T>
    <P>1.61E+00</P>
  </Row>
  <Row>
    <T>14:53:46</T>
    <P>1.18E+00</P>
  </Row>
  <Row>
    <T>14:53:48</T>
    <P>1.02E+00</P>
  </Row>
  <Row>
    <T>14:53:49</T>
    <P>8.73E-01</P>
  </Row>
  <Row>
    <T>14:53:50</T>
    <P>7.92E-01</P>
  </Row>
  <Row>
    <T>14:53:51</T>
    <P>6.97E-01</P>
  </Row>
  <Row>
    <T>14:53:52</T>
    <P>6.17E-01</P>
  </Row>
  <Row>
    <T>14:53:53</T>
    <P>5.61E-01</P>
  </Row>
  <Row>
    <T>14:53:54</T>
    <P>5.00E-01</P>
  </Row>
  <Row>
    <T>14:53:55</T>
    <P>4.60E-01</P>
  </Row>
  <Row>
    <T>14:53:56</T>
    <P>4.11E-01</P>
  </Row>
  <Row>
    <T>14:53:57</T>
    <P>3.69E-01</P>
  </Row>
  <Row>
    <T>14:53:58</T>
    <P>3.42E-01</P>
  </Row>
  <Row>
    <T>14:53:59</T>
    <P>2.99E-01</P>
  </Row>
  <Row>
    <T>14:54:00</T>
    <P>2.72E-01</P>
  </Row>
  <Row>
    <T>14:54:01</T>
    <P>2.42E-01</P>
  </Row>
  <Row>
    <T>14:54:02</T>
    <P>2.18E-01</P>
  </Row>
  <Row>
    <T>14:54:03</T>
    <P>1.92E-01</P>
  </Row>
  <Row>
    <T>14:54:04</T>
    <P>1.78E-01</P>
  </Row>
  <Row>
    <T>14:54:07</T>
    <P>1.13E-01</P>
  </Row>
  <Row>
    <T>14:54:08</T>
    <P>7.42E-02</P>
  </Row>
  <Row>
    <T>14:54:09</T>
    <P>5.15E-02</P>
  </Row>
  <Row>
    <T>14:54:10</T>
    <P>3.41E-02</P>
  </Row>
  <Row>
    <T>14:54:11</T>
    <P>2.45E-02</P>
  </Row>
  <Row>
    <T>14:54:12</T>
    <P>1.78E-02</P>
  </Row>
  <Row>
    <T>14:54:13</T>
    <P>1.35E-02</P>
  </Row>
  <Row>
    <T>14:54:14</T>
    <P>1.10E-02</P>
  </Row>
  <Row>
    <T>14:54:15</T>
    <P>9.12E-03</P>
  </Row>
  <Row>
    <T>14:54:16</T>
    <P>7.14E-03</P>
  </Row>
  <Row>
    <T>14:54:17</T>
    <P>4.72E-03</P>
  </Row>
  <Row>
    <T>14:54:18</T>
    <P>3.58E-03</P>
  </Row>
  <Row>
    <T>14:54:19</T>
    <P>2.77E-03</P>
  </Row>
  <Row>
    <T>14:54:20</T>
    <P>1.99E-03</P>
  </Row>
  <Row>
    <T>14:54:21</T>
    <P>1.65E-03</P>
  </Row>
  <Row>
    <T>14:54:23</T>
    <P>1.12E-03</P>
  </Row>
  <Row>
    <T>14:54:24</T>
    <P>8.01E-04</P>
  </Row>
  <Row>
    <T>14:54:25</T>
    <P>6.27E-04</P>
  </Row>
  <Row>
    <T>14:54:26</T>
    <P>5.43E-04</P>
  </Row>
  <Row>
    <T>14:54:27</T>
    <P>4.21E-04</P>
  </Row>
  <Row>
    <T>14:54:28</T>
    <P>3.62E-04</P>
  </Row>
  <Row>
    <T>14:54:29</T>
    <P>3.23E-04</P>
  </Row>
  <Row>
    <T>14:54:31</T>
    <P>2.67E-04</P>
  </Row>
  <Row>
    <T>14:54:32</T>
    <P>2.57E-04</P>
  </Row>
  <Row>
    <T>14:54:34</T>
    <P>2.11E-04</P>
  </Row>
  <Row>
    <T>14:54:35</T>
    <P>1.72E-04</P>
  </Row>
  <Row>
    <T>14:54:36</T>
    <P>1.65E-04</P>
  </Row>
  <Row>
    <T>14:54:37</T>
    <P>1.52E-04</P>
  </Row>
  <Row>
    <T>14:54:38</T>
    <P>1.46E-04</P>
  </Row>
  <Row>
    <T>14:54:39</T>
    <P>1.40E-04</P>
  </Row>
  <Row>
    <T>14:54:40</T>
    <P>1.46E-04</P>
  </Row>
  <Row>
    <T>14:54:41</T>
    <P>1.24E-04</P>
  </Row>
  <Row>
    <T>14:54:42</T>
    <P>1.19E-04</P>
  </Row>
  <Row>
    <T>14:54:43</T>
    <P>1.14E-04</P>
  </Row>
  <Row>
    <T>14:54:44</T>
    <P>1.24E-04</P>
  </Row>
  <Row>
    <T>14:54:45</T>
    <P>1.14E-04</P>
  </Row>
  <Row>
    <T>14:54:46</T>
    <P>1.05E-04</P>
  </Row>
  <Row>
    <T>14:54:47</T>
    <P>1.00E-04</P>
  </Row>
  <Row>
    <T>14:54:48</T>
    <P>1.05E-04</P>
  </Row>
  <Row>
    <T>14:54:49</T>
    <P>9.61E-05</P>
  </Row>
  <Row>
    <T>14:54:50</T>
    <P>1.00E-04</P>
  </Row>
  <Row>
    <T>14:54:51</T>
    <P>9.21E-05</P>
  </Row>
  <Row>
    <T>14:54:52</T>
    <P>8.09E-05</P>
  </Row>
  <Row>
    <T>14:54:53</T>
    <P>8.45E-05</P>
  </Row>
  <Row>
    <T>14:54:54</T>
    <P>8.09E-05</P>
  </Row>
  <Row>
    <T>14:54:55</T>
    <P>9.21E-05</P>
  </Row>
  <Row>
    <T>14:54:56</T>
    <P>8.45E-05</P>
  </Row>
  <Row>
    <T>14:54:57</T>
    <P>8.09E-05</P>
  </Row>
  <Row>
    <T>14:54:58</T>
    <P>8.45E-05</P>
  </Row>
  <Row>
    <T>14:54:59</T>
    <P>8.82E-05</P>
  </Row>
  <Row>
    <T>14:55:00</T>
    <P>ERROR</P>
  </Row>
  <Row>
    <T>14:55:01</T>
    <P>8.45E-05</P>
  </Row>
  <Row>
    <T>14:55:05</T>
    <P>ERROR</P>
  </Row>
  <Row>
    <T>14:55:07</T>
    <P>8.09E-05</P>
  </Row>
  <Row>
    <T>14:55:08</T>
    <P>ERROR</P>
  </Row>
  <Row>
    <T>15:35:25</T>
    <P>8.82E-05</P>
  </Row>
  <Row>
    <T>15:35:26</T>
    <P>8.09E-05</P>
  </Row>
  <Row>
    <T>15:35:27</T>
    <P>8.82E-05</P>
  </Row>
  <Row>
    <T>15:35:29</T>
    <P>8.45E-05</P>
  </Row>
  <Row>
    <T>15:35:30</T>
    <P>9.21E-05</P>
  </Row>
  <Row>
    <T>15:35:33</T>
    <P>8.82E-05</P>
  </Row>
  <Row>
    <T>15:35:34</T>
    <P>9.21E-05</P>
  </Row>
  <Row>
    <T>15:35:35</T>
    <P>8.45E-05</P>
  </Row>
  <Row>
    <T>15:35:36</T>
    <P>ERROR</P>
  </Row>
  <Row>
    <T>15:35:37</T>
    <P>8.82E-05</P>
  </Row>
  <Row>
    <T>15:35:38</T>
    <P>9.21E-05</P>
  </Row>
  <Row>
    <T>15:35:39</T>
    <P>8.09E-05</P>
  </Row>
  <Row>
    <T>15:35:40</T>
    <P>9.21E-05</P>
  </Row>
  <Row>
    <T>15:35:42</T>
    <P>8.09E-05</P>
  </Row>
  <Row>
    <T>15:35:43</T>
    <P>9.21E-05</P>
  </Row>
  <Row>
    <T>15:35:44</T>
    <P>8.45E-05</P>
  </Row>
  <Row>
    <T>15:35:45</T>
    <P>8.09E-05</P>
  </Row>
  <Row>
    <T>15:35:46</T>
    <P>ERROR</P>
  </Row>
  <Row>
    <T>15:37:44</T>
    <P>9.21E-05</P>
  </Row>
  <Row>
    <T>15:37:45</T>
    <P>1.59E-04</P>
  </Row>
  <Row>
    <T>15:37:46</T>
    <P>1.65E-04</P>
  </Row>
  <Row>
    <T>15:37:47</T>
    <P>1.94E-04</P>
  </Row>
  <Row>
    <T>15:37:48</T>
    <P>1.79E-04</P>
  </Row>
  <Row>
    <T>15:37:50</T>
    <P>1.65E-04</P>
  </Row>
  <Row>
    <T>15:37:51</T>
    <P>1.79E-04</P>
  </Row>
  <Row>
    <T>15:37:52</T>
    <P>1.87E-04</P>
  </Row>
  <Row>
    <T>15:37:53</T>
    <P>1.94E-04</P>
  </Row>
  <Row>
    <T>15:37:54</T>
    <P>1.87E-04</P>
  </Row>
  <Row>
    <T>15:37:55</T>
    <P>1.72E-04</P>
  </Row>
  <Row>
    <T>15:37:56</T>
    <P>1.65E-04</P>
  </Row>
  <Row>
    <T>15:37:57</T>
    <P>2.02E-04</P>
  </Row>
  <Row>
    <T>15:37:58</T>
    <P>1.87E-04</P>
  </Row>
  <Row>
    <T>15:37:59</T>
    <P>1.94E-04</P>
  </Row>
  <Row>
    <T>15:38:00</T>
    <P>1.72E-04</P>
  </Row>
  <Row>
    <T>15:38:01</T>
    <P>1.87E-04</P>
  </Row>
  <Row>
    <T>15:38:02</T>
    <P>1.79E-04</P>
  </Row>
  <Row>
    <T>15:38:03</T>
    <P>1.94E-04</P>
  </Row>
  <Row>
    <T>15:38:04</T>
    <P>1.79E-04</P>
  </Row>
  <Row>
    <T>15:38:05</T>
    <P>1.59E-04</P>
  </Row>
  <Row>
    <T>15:38:06</T>
    <P>ERROR</P>
  </Row>
  <Row>
    <T>15:41:02</T>
    <P>8.82E-05</P>
  </Row>
  <Row>
    <T>15:41:03</T>
    <P>9.21E-05</P>
  </Row>
  <Row>
    <T>15:41:04</T>
    <P>8.09E-05</P>
  </Row>
  <Row>
    <T>15:41:05</T>
    <P>9.21E-05</P>
  </Row>
  <Row>
    <T>15:41:06</T>
    <P>8.45E-05</P>
  </Row>
  <Row>
    <T>15:41:08</T>
    <P>8.82E-05</P>
  </Row>
  <Row>
    <T>15:41:09</T>
    <P>9.21E-05</P>
  </Row>
  <Row>
    <T>15:41:10</T>
    <P>8.82E-05</P>
  </Row>
  <Row>
    <T>15:41:12</T>
    <P>ERROR</P>
  </Row>
  <Row>
    <T>15:41:13</T>
    <P>8.09E-05</P>
  </Row>
  <Row>
    <T>15:41:14</T>
    <P>ERROR</P>
  </Row>
  <Row>
    <T>16:04:24</T>
    <P>8.09E-05</P>
  </Row>
  <Row>
    <T>16:04:25</T>
    <P>8.45E-05</P>
  </Row>
  <Row>
    <T>16:04:26</T>
    <P>9.21E-05</P>
  </Row>
  <Row>
    <T>16:04:27</T>
    <P>8.45E-05</P>
  </Row>
  <Row>
    <T>16:04:28</T>
    <P>9.21E-05</P>
  </Row>
  <Row>
    <T>16:04:29</T>
    <P>1.00E-04</P>
  </Row>
  <Row>
    <T>16:04:30</T>
    <P>8.45E-05</P>
  </Row>
  <Row>
    <T>16:04:31</T>
    <P>8.82E-05</P>
  </Row>
  <Row>
    <T>16:04:32</T>
    <P>1.14E-04</P>
  </Row>
  <Row>
    <T>16:04:33</T>
    <P>1.05E-03</P>
  </Row>
  <Row>
    <T>16:04:35</T>
    <P>8.27E-02</P>
  </Row>
  <Row>
    <T>16:04:36</T>
    <P>1.96E-01</P>
  </Row>
  <Row>
    <T>16:04:37</T>
    <P>2.65E-01</P>
  </Row>
  <Row>
    <T>16:04:38</T>
    <P>3.34E-01</P>
  </Row>
  <Row>
    <T>16:04:39</T>
    <P>3.95E-01</P>
  </Row>
  <Row>
    <T>16:04:40</T>
    <P>4.67E-01</P>
  </Row>
  <Row>
    <T>16:04:41</T>
    <P>5.23E-01</P>
  </Row>
  <Row>
    <T>16:04:42</T>
    <P>5.93E-01</P>
  </Row>
  <Row>
    <T>16:04:43</T>
    <P>6.58E-01</P>
  </Row>
  <Row>
    <T>16:04:44</T>
    <P>7.27E-01</P>
  </Row>
  <Row>
    <T>16:04:45</T>
    <P>7.98E-01</P>
  </Row>
  <Row>
    <T>16:04:46</T>
    <P>8.89E-01</P>
  </Row>
  <Row>
    <T>16:04:47</T>
    <P>9.75E-01</P>
  </Row>
  <Row>
    <T>16:04:48</T>
    <P>1.06E+00</P>
  </Row>
  <Row>
    <T>16:04:49</T>
    <P>1.14E+00</P>
  </Row>
  <Row>
    <T>16:04:50</T>
    <P>1.26E+00</P>
  </Row>
  <Row>
    <T>16:04:51</T>
    <P>1.35E+00</P>
  </Row>
  <Row>
    <T>16:04:52</T>
    <P>1.44E+00</P>
  </Row>
  <Row>
    <T>16:04:53</T>
    <P>1.58E+00</P>
  </Row>
  <Row>
    <T>16:04:54</T>
    <P>1.65E+00</P>
  </Row>
  <Row>
    <T>16:04:55</T>
    <P>1.78E+00</P>
  </Row>
  <Row>
    <T>16:04:56</T>
    <P>1.91E+00</P>
  </Row>
  <Row>
    <T>16:04:57</T>
    <P>2.06E+00</P>
  </Row>
  <Row>
    <T>16:04:59</T>
    <P>2.20E+00</P>
  </Row>
  <Row>
    <T>16:05:00</T>
    <P>2.29E+00</P>
  </Row>
  <Row>
    <T>16:05:01</T>
    <P>2.52E+00</P>
  </Row>
  <Row>
    <T>16:05:02</T>
    <P>2.75E+00</P>
  </Row>
  <Row>
    <T>16:05:03</T>
    <P>2.87E+00</P>
  </Row>
  <Row>
    <T>16:05:04</T>
    <P>2.95E+00</P>
  </Row>
  <Row>
    <T>16:05:05</T>
    <P>3.23E+00</P>
  </Row>
  <Row>
    <T>16:05:06</T>
    <P>3.33E+00</P>
  </Row>
  <Row>
    <T>16:05:07</T>
    <P>3.65E+00</P>
  </Row>
  <Row>
    <T>16:05:08</T>
    <P>3.83E+00</P>
  </Row>
  <Row>
    <T>16:05:09</T>
    <P>4.08E+00</P>
  </Row>
  <Row>
    <T>16:05:10</T>
    <P>4.22E+00</P>
  </Row>
  <Row>
    <T>16:05:11</T>
    <P>4.51E+00</P>
  </Row>
  <Row>
    <T>16:05:13</T>
    <P>4.91E+00</P>
  </Row>
  <Row>
    <T>16:05:14</T>
    <P>5.08E+00</P>
  </Row>
  <Row>
    <T>16:05:15</T>
    <P>5.55E+00</P>
  </Row>
  <Row>
    <T>16:05:16</T>
    <P>5.65E+00</P>
  </Row>
  <Row>
    <T>16:05:18</T>
    <P>6.18E+00</P>
  </Row>
  <Row>
    <T>16:05:19</T>
    <P>6.41E+00</P>
  </Row>
  <Row>
    <T>16:05:20</T>
    <P>6.78E+00</P>
  </Row>
  <Row>
    <T>16:05:21</T>
    <P>7.18E+00</P>
  </Row>
  <Row>
    <T>16:05:23</T>
    <P>7.60E+00</P>
  </Row>
  <Row>
    <T>16:05:24</T>
    <P>7.90E+00</P>
  </Row>
  <Row>
    <T>16:05:25</T>
    <P>8.06E+00</P>
  </Row>
  <Row>
    <T>16:05:26</T>
    <P>8.38E+00</P>
  </Row>
  <Row>
    <T>16:05:27</T>
    <P>8.72E+00</P>
  </Row>
  <Row>
    <T>16:05:28</T>
    <P>9.27E+00</P>
  </Row>
  <Row>
    <T>16:05:29</T>
    <P>9.08E+00</P>
  </Row>
  <Row>
    <T>16:05:30</T>
    <P>9.27E+00</P>
  </Row>
  <Row>
    <T>16:05:31</T>
    <P>9.85E+00</P>
  </Row>
  <Row>
    <T>16:05:32</T>
    <P>1.01E+01</P>
  </Row>
  <Row>
    <T>16:05:33</T>
    <P>1.07E+01</P>
  </Row>
  <Row>
    <T>16:05:35</T>
    <P>1.14E+01</P>
  </Row>
  <Row>
    <T>16:05:36</T>
    <P>1.09E+01</P>
  </Row>
  <Row>
    <T>16:05:37</T>
    <P>1.14E+01</P>
  </Row>
  <Row>
    <T>16:05:38</T>
    <P>1.19E+01</P>
  </Row>
  <Row>
    <T>16:05:39</T>
    <P>1.24E+01</P>
  </Row>
  <Row>
    <T>16:05:40</T>
    <P>1.30E+01</P>
  </Row>
  <Row>
    <T>16:05:41</T>
    <P>1.27E+01</P>
  </Row>
  <Row>
    <T>16:05:43</T>
    <P>1.42E+01</P>
  </Row>
  <Row>
    <T>16:05:44</T>
    <P>1.33E+01</P>
  </Row>
  <Row>
    <T>16:05:45</T>
    <P>1.45E+01</P>
  </Row>
  <Row>
    <T>16:05:46</T>
    <P>1.48E+01</P>
  </Row>
  <Row>
    <T>16:05:47</T>
    <P>1.42E+01</P>
  </Row>
  <Row>
    <T>16:05:48</T>
    <P>1.33E+01</P>
  </Row>
  <Row>
    <T>16:05:49</T>
    <P>1.45E+01</P>
  </Row>
  <Row>
    <T>16:05:50</T>
    <P>1.36E+01</P>
  </Row>
  <Row>
    <T>16:05:51</T>
    <P>1.42E+01</P>
  </Row>
  <Row>
    <T>16:05:53</T>
    <P>1.45E+01</P>
  </Row>
  <Row>
    <T>16:05:54</T>
    <P>1.39E+01</P>
  </Row>
  <Row>
    <T>16:05:55</T>
    <P>1.42E+01</P>
  </Row>
  <Row>
    <T>16:05:56</T>
    <P>1.39E+01</P>
  </Row>
  <Row>
    <T>16:05:57</T>
    <P>1.45E+01</P>
  </Row>
  <Row>
    <T>16:05:58</T>
    <P>1.39E+01</P>
  </Row>
  <Row>
    <T>16:05:59</T>
    <P>3.31E+01</P>
  </Row>
  <Row>
    <T>16:06:00</T>
    <P>5.11E+01</P>
  </Row>
  <Row>
    <T>16:06:01</T>
    <P>6.43E+01</P>
  </Row>
  <Row>
    <T>16:06:03</T>
    <P>8.92E+01</P>
  </Row>
  <Row>
    <T>16:06:04</T>
    <P>9.20E+01</P>
  </Row>
  <Row>
    <T>16:06:05</T>
    <P>1.04E+02</P>
  </Row>
  <Row>
    <T>16:06:06</T>
    <P>1.14E+02</P>
  </Row>
  <Row>
    <T>16:06:08</T>
    <P>1.11E+02</P>
  </Row>
  <Row>
    <T>16:06:09</T>
    <P>1.26E+02</P>
  </Row>
  <Row>
    <T>16:06:10</T>
    <P>1.22E+02</P>
  </Row>
  <Row>
    <T>16:06:11</T>
    <P>1.30E+02</P>
  </Row>
  <Row>
    <T>16:06:12</T>
    <P>1.26E+02</P>
  </Row>
  <Row>
    <T>16:06:13</T>
    <P>1.34E+02</P>
  </Row>
  <Row>
    <T>16:06:14</T>
    <P>1.48E+02</P>
  </Row>
  <Row>
    <T>16:06:15</T>
    <P>1.34E+02</P>
  </Row>
  <Row>
    <T>16:06:16</T>
    <P>1.39E+02</P>
  </Row>
  <Row>
    <T>16:06:17</T>
    <P>1.43E+02</P>
  </Row>
  <Row>
    <T>16:06:18</T>
    <P>1.39E+02</P>
  </Row>
  <Row>
    <T>16:06:19</T>
    <P>1.58E+02</P>
  </Row>
  <Row>
    <T>16:06:20</T>
    <P>1.43E+02</P>
  </Row>
  <Row>
    <T>16:06:22</T>
    <P>1.53E+02</P>
  </Row>
  <Row>
    <T>16:06:23</T>
    <P>1.43E+02</P>
  </Row>
  <Row>
    <T>16:06:25</T>
    <P>1.63E+02</P>
  </Row>
  <Row>
    <T>16:06:26</T>
    <P>1.48E+02</P>
  </Row>
  <Row>
    <T>16:06:27</T>
    <P>1.53E+02</P>
  </Row>
  <Row>
    <T>16:06:28</T>
    <P>1.48E+02</P>
  </Row>
  <Row>
    <T>16:06:29</T>
    <P>1.43E+02</P>
  </Row>
  <Row>
    <T>16:06:30</T>
    <P>1.53E+02</P>
  </Row>
  <Row>
    <T>16:06:31</T>
    <P>1.48E+02</P>
  </Row>
  <Row>
    <T>16:06:32</T>
    <P>1.58E+02</P>
  </Row>
  <Row>
    <T>16:06:33</T>
    <P>1.69E+02</P>
  </Row>
  <Row>
    <T>16:06:34</T>
    <P>1.63E+02</P>
  </Row>
  <Row>
    <T>16:06:35</T>
    <P>1.53E+02</P>
  </Row>
  <Row>
    <T>16:06:36</T>
    <P>1.58E+02</P>
  </Row>
  <Row>
    <T>16:06:37</T>
    <P>1.75E+02</P>
  </Row>
  <Row>
    <T>16:06:38</T>
    <P>1.53E+02</P>
  </Row>
  <Row>
    <T>16:06:39</T>
    <P>1.58E+02</P>
  </Row>
  <Row>
    <T>16:06:40</T>
    <P>1.53E+02</P>
  </Row>
  <Row>
    <T>16:06:41</T>
    <P>1.58E+02</P>
  </Row>
  <Row>
    <T>16:06:42</T>
    <P>1.69E+02</P>
  </Row>
  <Row>
    <T>16:06:44</T>
    <P>1.58E+02</P>
  </Row>
  <Row>
    <T>16:06:45</T>
    <P>1.53E+02</P>
  </Row>
  <Row>
    <T>16:06:46</T>
    <P>1.69E+02</P>
  </Row>
  <Row>
    <T>16:06:47</T>
    <P>1.58E+02</P>
  </Row>
  <Row>
    <T>16:06:49</T>
    <P>1.53E+02</P>
  </Row>
  <Row>
    <T>16:06:50</T>
    <P>1.75E+02</P>
  </Row>
  <Row>
    <T>16:06:51</T>
    <P>1.58E+02</P>
  </Row>
  <Row>
    <T>16:06:52</T>
    <P>1.75E+02</P>
  </Row>
  <Row>
    <T>16:06:53</T>
    <P>1.58E+02</P>
  </Row>
  <Row>
    <T>16:06:54</T>
    <P>1.63E+02</P>
  </Row>
  <Row>
    <T>16:06:55</T>
    <P>1.58E+02</P>
  </Row>
  <Row>
    <T>16:06:56</T>
    <P>1.63E+02</P>
  </Row>
  <Row>
    <T>16:06:57</T>
    <P>1.58E+02</P>
  </Row>
  <Row>
    <T>16:06:58</T>
    <P>1.53E+02</P>
  </Row>
  <Row>
    <T>16:06:59</T>
    <P>1.63E+02</P>
  </Row>
  <Row>
    <T>16:07:00</T>
    <P>1.58E+02</P>
  </Row>
  <Row>
    <T>16:07:01</T>
    <P>1.63E+02</P>
  </Row>
  <Row>
    <T>16:07:03</T>
    <P>1.81E+02</P>
  </Row>
  <Row>
    <T>16:07:04</T>
    <P>1.58E+02</P>
  </Row>
  <Row>
    <T>16:07:07</T>
    <P>1.63E+02</P>
  </Row>
  <Row>
    <T>16:07:08</T>
    <P>1.75E+02</P>
  </Row>
  <Row>
    <T>16:07:09</T>
    <P>1.58E+02</P>
  </Row>
  <Row>
    <T>16:07:10</T>
    <P>1.63E+02</P>
  </Row>
  <Row>
    <T>16:07:11</T>
    <P>1.81E+02</P>
  </Row>
  <Row>
    <T>16:07:12</T>
    <P>1.63E+02</P>
  </Row>
  <Row>
    <T>16:07:13</T>
    <P>1.69E+02</P>
  </Row>
  <Row>
    <T>16:07:17</T>
    <P>1.58E+02</P>
  </Row>
  <Row>
    <T>16:07:18</T>
    <P>1.63E+02</P>
  </Row>
  <Row>
    <T>16:07:19</T>
    <P>1.58E+02</P>
  </Row>
  <Row>
    <T>16:07:20</T>
    <P>1.63E+02</P>
  </Row>
  <Row>
    <T>16:07:21</T>
    <P>1.69E+02</P>
  </Row>
  <Row>
    <T>16:07:22</T>
    <P>1.63E+02</P>
  </Row>
  <Row>
    <T>16:07:23</T>
    <P>1.69E+02</P>
  </Row>
  <Row>
    <T>16:07:24</T>
    <P>1.58E+02</P>
  </Row>
  <Row>
    <T>16:07:25</T>
    <P>1.63E+02</P>
  </Row>
  <Row>
    <T>16:07:26</T>
    <P>1.81E+02</P>
  </Row>
  <Row>
    <T>16:07:27</T>
    <P>1.69E+02</P>
  </Row>
  <Row>
    <T>16:07:28</T>
    <P>1.63E+02</P>
  </Row>
  <Row>
    <T>16:07:29</T>
    <P>1.69E+02</P>
  </Row>
  <Row>
    <T>16:07:30</T>
    <P>1.63E+02</P>
  </Row>
  <Row>
    <T>16:07:31</T>
    <P>1.69E+02</P>
  </Row>
  <Row>
    <T>16:07:32</T>
    <P>1.63E+02</P>
  </Row>
  <Row>
    <T>16:07:33</T>
    <P>1.69E+02</P>
  </Row>
  <Row>
    <T>16:07:37</T>
    <P>1.81E+02</P>
  </Row>
  <Row>
    <T>16:07:38</T>
    <P>1.69E+02</P>
  </Row>
  <Row>
    <T>16:07:39</T>
    <P>1.75E+02</P>
  </Row>
  <Row>
    <T>16:07:40</T>
    <P>1.63E+02</P>
  </Row>
  <Row>
    <T>16:07:41</T>
    <P>1.69E+02</P>
  </Row>
  <Row>
    <T>16:07:42</T>
    <P>1.75E+02</P>
  </Row>
  <Row>
    <T>16:07:43</T>
    <P>1.69E+02</P>
  </Row>
  <Row>
    <T>16:07:44</T>
    <P>1.58E+02</P>
  </Row>
  <Row>
    <T>16:07:45</T>
    <P>1.63E+02</P>
  </Row>
  <Row>
    <T>16:07:46</T>
    <P>1.69E+02</P>
  </Row>
  <Row>
    <T>16:07:47</T>
    <P>1.63E+02</P>
  </Row>
  <Row>
    <T>16:07:48</T>
    <P>1.69E+02</P>
  </Row>
  <Row>
    <T>16:07:49</T>
    <P>1.81E+02</P>
  </Row>
  <Row>
    <T>16:07:50</T>
    <P>1.69E+02</P>
  </Row>
  <Row>
    <T>16:07:51</T>
    <P>1.87E+02</P>
  </Row>
  <Row>
    <T>16:07:52</T>
    <P>1.75E+02</P>
  </Row>
  <Row>
    <T>16:07:53</T>
    <P>1.69E+02</P>
  </Row>
  <Row>
    <T>16:07:55</T>
    <P>1.75E+02</P>
  </Row>
  <Row>
    <T>16:07:56</T>
    <P>1.69E+02</P>
  </Row>
  <Row>
    <T>16:07:57</T>
    <P>1.63E+02</P>
  </Row>
  <Row>
    <T>16:07:58</T>
    <P>1.69E+02</P>
  </Row>
  <Row>
    <T>16:07:59</T>
    <P>1.75E+02</P>
  </Row>
  <Row>
    <T>16:08:00</T>
    <P>1.63E+02</P>
  </Row>
  <Row>
    <T>16:08:01</T>
    <P>1.87E+02</P>
  </Row>
  <Row>
    <T>16:08:02</T>
    <P>1.69E+02</P>
  </Row>
  <Row>
    <T>16:08:03</T>
    <P>1.75E+02</P>
  </Row>
  <Row>
    <T>16:08:04</T>
    <P>1.69E+02</P>
  </Row>
  <Row>
    <T>16:08:05</T>
    <P>1.81E+02</P>
  </Row>
  <Row>
    <T>16:08:08</T>
    <P>1.69E+02</P>
  </Row>
  <Row>
    <T>16:08:09</T>
    <P>1.75E+02</P>
  </Row>
  <Row>
    <T>16:08:10</T>
    <P>1.63E+02</P>
  </Row>
  <Row>
    <T>16:08:11</T>
    <P>1.69E+02</P>
  </Row>
  <Row>
    <T>16:08:12</T>
    <P>1.81E+02</P>
  </Row>
  <Row>
    <T>16:08:13</T>
    <P>1.75E+02</P>
  </Row>
  <Row>
    <T>16:08:14</T>
    <P>1.81E+02</P>
  </Row>
  <Row>
    <T>16:08:15</T>
    <P>1.75E+02</P>
  </Row>
  <Row>
    <T>16:08:16</T>
    <P>1.69E+02</P>
  </Row>
  <Row>
    <T>16:08:17</T>
    <P>1.81E+02</P>
  </Row>
  <Row>
    <T>16:08:19</T>
    <P>1.69E+02</P>
  </Row>
  <Row>
    <T>16:08:20</T>
    <P>1.75E+02</P>
  </Row>
  <Row>
    <T>16:08:21</T>
    <P>1.93E+02</P>
  </Row>
  <Row>
    <T>16:08:22</T>
    <P>1.81E+02</P>
  </Row>
  <Row>
    <T>16:08:23</T>
    <P>1.63E+02</P>
  </Row>
  <Row>
    <T>16:08:24</T>
    <P>1.93E+02</P>
  </Row>
  <Row>
    <T>16:08:25</T>
    <P>1.69E+02</P>
  </Row>
  <Row>
    <T>16:08:26</T>
    <P>1.75E+02</P>
  </Row>
  <Row>
    <T>16:08:27</T>
    <P>1.87E+02</P>
  </Row>
  <Row>
    <T>16:08:28</T>
    <P>1.93E+02</P>
  </Row>
  <Row>
    <T>16:08:29</T>
    <P>1.75E+02</P>
  </Row>
  <Row>
    <T>16:08:30</T>
    <P>1.69E+02</P>
  </Row>
  <Row>
    <T>16:08:31</T>
    <P>1.75E+02</P>
  </Row>
  <Row>
    <T>16:08:32</T>
    <P>1.69E+02</P>
  </Row>
  <Row>
    <T>16:08:33</T>
    <P>1.75E+02</P>
  </Row>
  <Row>
    <T>16:08:34</T>
    <P>1.69E+02</P>
  </Row>
  <Row>
    <T>16:08:35</T>
    <P>1.75E+02</P>
  </Row>
  <Row>
    <T>16:08:38</T>
    <P>1.69E+02</P>
  </Row>
  <Row>
    <T>16:08:39</T>
    <P>1.81E+02</P>
  </Row>
  <Row>
    <T>16:08:40</T>
    <P>1.75E+02</P>
  </Row>
  <Row>
    <T>16:08:41</T>
    <P>1.93E+02</P>
  </Row>
  <Row>
    <T>16:08:42</T>
    <P>1.75E+02</P>
  </Row>
  <Row>
    <T>16:08:43</T>
    <P>OFF</P>
  </Row>
</Table>